<?xml version="1.0" encoding="UTF-8"?>
<coverage generated="1775652278218" clover="3.2.0">
  <project timestamp="1775652278219" name="All files">
    <metrics statements="139" coveredstatements="125" conditionals="52" coveredconditionals="31" methods="35" coveredmethods="29" elements="226" coveredelements="185" complexity="0" loc="139" ncloc="139" packages="5" files="12" classes="12"/>
    <package name="cars">
      <metrics statements="48" coveredstatements="45" conditionals="10" coveredconditionals="8" methods="14" coveredmethods="12"/>
      <file name="cars.controller.ts" path="D:\pessoal\fatec\jacarei\DSM\Técnicas de programação II\exemplo\aula9-testes-unitarios-nestjs\app\src\cars\cars.controller.ts">
        <metrics statements="16" coveredstatements="16" conditionals="0" coveredconditionals="0" methods="6" coveredmethods="6"/>
        <line num="1" count="1" type="stmt"/>
        <line num="11" count="1" type="stmt"/>
        <line num="12" count="1" type="stmt"/>
        <line num="13" count="1" type="stmt"/>
        <line num="16" count="1" type="stmt"/>
        <line num="17" count="5" type="stmt"/>
        <line num="20" count="1" type="stmt"/>
        <line num="21" count="1" type="stmt"/>
        <line num="25" count="1" type="stmt"/>
        <line num="26" count="1" type="stmt"/>
        <line num="30" count="1" type="stmt"/>
        <line num="31" count="1" type="stmt"/>
        <line num="35" count="1" type="stmt"/>
        <line num="39" count="1" type="stmt"/>
        <line num="43" count="1" type="stmt"/>
        <line num="44" count="1" type="stmt"/>
      </file>
      <file name="cars.schema.ts" path="D:\pessoal\fatec\jacarei\DSM\Técnicas de programação II\exemplo\aula9-testes-unitarios-nestjs\app\src\cars\cars.schema.ts">
        <metrics statements="4" coveredstatements="3" conditionals="0" coveredconditionals="0" methods="1" coveredmethods="0"/>
        <line num="1" count="4" type="stmt"/>
        <line num="2" count="4" type="stmt"/>
        <line num="4" count="4" type="stmt"/>
        <line num="8" count="0" type="stmt"/>
      </file>
      <file name="cars.service.ts" path="D:\pessoal\fatec\jacarei\DSM\Técnicas de programação II\exemplo\aula9-testes-unitarios-nestjs\app\src\cars\cars.service.ts">
        <metrics statements="28" coveredstatements="26" conditionals="10" coveredconditionals="8" methods="7" coveredmethods="6"/>
        <line num="1" count="2" type="stmt"/>
        <line num="2" count="2" type="stmt"/>
        <line num="3" count="2" type="stmt"/>
        <line num="4" count="2" type="stmt"/>
        <line num="5" count="2" type="stmt"/>
        <line num="10" count="2" type="stmt"/>
        <line num="11" count="5" type="stmt"/>
        <line num="14" count="2" type="stmt"/>
        <line num="16" count="1" type="stmt"/>
        <line num="24" count="1" type="stmt"/>
        <line num="28" count="0" type="stmt"/>
        <line num="41" count="4" type="stmt"/>
        <line num="53" count="4" type="cond" truecount="2" falsecount="0"/>
        <line num="54" count="1" type="stmt"/>
        <line num="57" count="3" type="stmt"/>
        <line num="61" count="1" type="stmt"/>
        <line num="62" count="1" type="cond" truecount="2" falsecount="0"/>
        <line num="63" count="1" type="cond" truecount="1" falsecount="1"/>
        <line num="65" count="1" type="stmt"/>
        <line num="67" count="1" type="stmt"/>
        <line num="75" count="1" type="stmt"/>
        <line num="79" count="1" type="stmt"/>
        <line num="84" count="1" type="cond" truecount="1" falsecount="1"/>
        <line num="85" count="1" type="stmt"/>
        <line num="88" count="0" type="stmt"/>
        <line num="94" count="3" type="stmt"/>
        <line num="100" count="3" type="cond" truecount="2" falsecount="0"/>
        <line num="101" count="1" type="stmt"/>
      </file>
    </package>
    <package name="cars.dto">
      <metrics statements="12" coveredstatements="12" conditionals="4" coveredconditionals="2" methods="2" coveredmethods="2"/>
      <file name="create-car.dto.ts" path="D:\pessoal\fatec\jacarei\DSM\Técnicas de programação II\exemplo\aula9-testes-unitarios-nestjs\app\src\cars\dto\create-car.dto.ts">
        <metrics statements="6" coveredstatements="6" conditionals="2" coveredconditionals="1" methods="1" coveredmethods="1"/>
        <line num="1" count="2" type="stmt"/>
        <line num="2" count="2" type="stmt"/>
        <line num="4" count="2" type="stmt"/>
        <line num="7" count="2" type="stmt"/>
        <line num="10" count="2" type="cond" truecount="1" falsecount="1"/>
        <line num="15" count="2" type="stmt"/>
      </file>
      <file name="update-car.dto.ts" path="D:\pessoal\fatec\jacarei\DSM\Técnicas de programação II\exemplo\aula9-testes-unitarios-nestjs\app\src\cars\dto\update-car.dto.ts">
        <metrics statements="6" coveredstatements="6" conditionals="2" coveredconditionals="1" methods="1" coveredmethods="1"/>
        <line num="1" count="2" type="stmt"/>
        <line num="2" count="2" type="stmt"/>
        <line num="4" count="2" type="stmt"/>
        <line num="8" count="2" type="stmt"/>
        <line num="12" count="1" type="cond" truecount="1" falsecount="1"/>
        <line num="17" count="2" type="stmt"/>
      </file>
    </package>
    <package name="database">
      <metrics statements="11" coveredstatements="7" conditionals="10" coveredconditionals="0" methods="3" coveredmethods="0"/>
      <file name="database.service.ts" path="D:\pessoal\fatec\jacarei\DSM\Técnicas de programação II\exemplo\aula9-testes-unitarios-nestjs\app\src\database\database.service.ts">
        <metrics statements="9" coveredstatements="5" conditionals="10" coveredconditionals="0" methods="3" coveredmethods="0"/>
        <line num="1" count="4" type="stmt"/>
        <line num="2" count="4" type="stmt"/>
        <line num="3" count="4" type="stmt"/>
        <line num="4" count="4" type="stmt"/>
        <line num="7" count="4" type="stmt"/>
        <line num="13" count="0" type="stmt"/>
        <line num="14" count="0" type="stmt"/>
        <line num="18" count="0" type="stmt"/>
        <line num="22" count="0" type="stmt"/>
      </file>
      <file name="schema.ts" path="D:\pessoal\fatec\jacarei\DSM\Técnicas de programação II\exemplo\aula9-testes-unitarios-nestjs\app\src\database\schema.ts">
        <metrics statements="2" coveredstatements="2" conditionals="0" coveredconditionals="0" methods="0" coveredmethods="0"/>
        <line num="1" count="4" type="stmt"/>
        <line num="2" count="4" type="stmt"/>
      </file>
    </package>
    <package name="users">
      <metrics statements="58" coveredstatements="51" conditionals="24" coveredconditionals="18" methods="14" coveredmethods="13"/>
      <file name="users.controller.ts" path="D:\pessoal\fatec\jacarei\DSM\Técnicas de programação II\exemplo\aula9-testes-unitarios-nestjs\app\src\users\users.controller.ts">
        <metrics statements="16" coveredstatements="16" conditionals="0" coveredconditionals="0" methods="6" coveredmethods="6"/>
        <line num="1" count="1" type="stmt"/>
        <line num="11" count="1" type="stmt"/>
        <line num="12" count="1" type="stmt"/>
        <line num="13" count="1" type="stmt"/>
        <line num="16" count="1" type="stmt"/>
        <line num="17" count="5" type="stmt"/>
        <line num="20" count="1" type="stmt"/>
        <line num="21" count="1" type="stmt"/>
        <line num="25" count="1" type="stmt"/>
        <line num="26" count="1" type="stmt"/>
        <line num="30" count="1" type="stmt"/>
        <line num="31" count="1" type="stmt"/>
        <line num="35" count="1" type="stmt"/>
        <line num="39" count="1" type="stmt"/>
        <line num="43" count="1" type="stmt"/>
        <line num="44" count="1" type="stmt"/>
      </file>
      <file name="users.schema.ts" path="D:\pessoal\fatec\jacarei\DSM\Técnicas de programação II\exemplo\aula9-testes-unitarios-nestjs\app\src\users\users.schema.ts">
        <metrics statements="2" coveredstatements="2" conditionals="0" coveredconditionals="0" methods="0" coveredmethods="0"/>
        <line num="1" count="4" type="stmt"/>
        <line num="3" count="4" type="stmt"/>
      </file>
      <file name="users.service.ts" path="D:\pessoal\fatec\jacarei\DSM\Técnicas de programação II\exemplo\aula9-testes-unitarios-nestjs\app\src\users\users.service.ts">
        <metrics statements="40" coveredstatements="33" conditionals="24" coveredconditionals="18" methods="8" coveredmethods="7"/>
        <line num="1" count="2" type="stmt"/>
        <line num="6" count="2" type="stmt"/>
        <line num="7" count="2" type="stmt"/>
        <line num="8" count="2" type="stmt"/>
        <line num="11" count="2" type="stmt"/>
        <line num="14" count="2" type="stmt"/>
        <line num="15" count="5" type="stmt"/>
        <line num="18" count="2" type="stmt"/>
        <line num="20" count="2" type="stmt"/>
        <line num="21" count="2" type="stmt"/>
        <line num="29" count="1" type="stmt"/>
        <line num="31" count="1" type="stmt"/>
        <line num="36" count="0" type="stmt"/>
        <line num="43" count="2" type="stmt"/>
        <line num="49" count="2" type="cond" truecount="2" falsecount="0"/>
        <line num="50" count="1" type="stmt"/>
        <line num="53" count="1" type="stmt"/>
        <line num="57" count="1" type="stmt"/>
        <line num="58" count="1" type="cond" truecount="2" falsecount="0"/>
        <line num="60" count="1" type="cond" truecount="3" falsecount="1"/>
        <line num="62" count="1" type="stmt"/>
        <line num="64" count="1" type="stmt"/>
        <line num="65" count="1" type="stmt"/>
        <line num="74" count="1" type="stmt"/>
        <line num="76" count="0" type="stmt"/>
        <line num="81" count="1" type="stmt"/>
        <line num="82" count="1" type="stmt"/>
        <line num="87" count="0" type="cond" truecount="0" falsecount="2"/>
        <line num="88" count="0" type="stmt"/>
        <line num="91" count="0" type="stmt"/>
        <line num="95" count="1" type="stmt"/>
        <line num="100" count="2" type="cond" truecount="4" falsecount="0"/>
        <line num="101" count="1" type="stmt"/>
        <line num="104" count="1" type="cond" truecount="3" falsecount="1"/>
        <line num="105" count="1" type="stmt"/>
        <line num="110" count="0" type="stmt"/>
        <line num="118" count="3" type="cond" truecount="2" falsecount="0"/>
        <line num="122" count="3" type="stmt"/>
        <line num="131" count="3" type="cond" truecount="1" falsecount="1"/>
        <line num="132" count="0" type="stmt"/>
      </file>
    </package>
    <package name="users.dto">
      <metrics statements="10" coveredstatements="10" conditionals="4" coveredconditionals="3" methods="2" coveredmethods="2"/>
      <file name="create-user.dto.ts" path="D:\pessoal\fatec\jacarei\DSM\Técnicas de programação II\exemplo\aula9-testes-unitarios-nestjs\app\src\users\dto\create-user.dto.ts">
        <metrics statements="5" coveredstatements="5" conditionals="2" coveredconditionals="2" methods="1" coveredmethods="1"/>
        <line num="1" count="2" type="stmt"/>
        <line num="11" count="2" type="stmt"/>
        <line num="16" count="2" type="stmt"/>
        <line num="19" count="2" type="cond" truecount="2" falsecount="0"/>
        <line num="22" count="2" type="stmt"/>
      </file>
      <file name="update-user.dto.ts" path="D:\pessoal\fatec\jacarei\DSM\Técnicas de programação II\exemplo\aula9-testes-unitarios-nestjs\app\src\users\dto\update-user.dto.ts">
        <metrics statements="5" coveredstatements="5" conditionals="2" coveredconditionals="1" methods="1" coveredmethods="1"/>
        <line num="1" count="2" type="stmt"/>
        <line num="10" count="2" type="stmt"/>
        <line num="15" count="2" type="stmt"/>
        <line num="18" count="1" type="cond" truecount="1" falsecount="1"/>
        <line num="21" count="2" type="stmt"/>
      </file>
    </package>
  </project>
</coverage>
