{"D:\\pessoal\\fatec\\jacarei\\DSM\\Técnicas de programação II\\exemplo\\aula9-testes-unitarios-nestjs\\app\\src\\cars\\cars.controller.ts": {"path":"D:\\pessoal\\fatec\\jacarei\\DSM\\Técnicas de programação II\\exemplo\\aula9-testes-unitarios-nestjs\\app\\src\\cars\\cars.controller.ts","statementMap":{"0":{"start":{"line":1,"column":0},"end":{"line":1,"column":null}},"1":{"start":{"line":11,"column":0},"end":{"line":11,"column":45}},"2":{"start":{"line":12,"column":0},"end":{"line":12,"column":52}},"3":{"start":{"line":13,"column":0},"end":{"line":13,"column":52}},"4":{"start":{"line":16,"column":7},"end":{"line":46,"column":null}},"5":{"start":{"line":17,"column":31},"end":{"line":17,"column":44}},"6":{"start":{"line":21,"column":4},"end":{"line":21,"column":49}},"7":{"start":{"line":26,"column":4},"end":{"line":26,"column":38}},"8":{"start":{"line":31,"column":4},"end":{"line":31,"column":40}},"9":{"start":{"line":39,"column":4},"end":{"line":39,"column":53}},"10":{"start":{"line":44,"column":4},"end":{"line":44,"column":39}},"11":{"start":{"line":16,"column":13},"end":{"line":16,"column":27}},"12":{"start":{"line":20,"column":2},"end":{"line":22,"column":null}},"13":{"start":{"line":25,"column":2},"end":{"line":27,"column":null}},"14":{"start":{"line":30,"column":2},"end":{"line":32,"column":null}},"15":{"start":{"line":35,"column":2},"end":{"line":40,"column":null}},"16":{"start":{"line":43,"column":2},"end":{"line":45,"column":null}},"17":{"start":{"line":16,"column":13},"end":{"line":46,"column":null}}},"fnMap":{"0":{"name":"(anonymous_4)","decl":{"start":{"line":17,"column":2},"end":{"line":17,"column":31}},"loc":{"start":{"line":17,"column":55},"end":{"line":17,"column":59}}},"1":{"name":"(anonymous_5)","decl":{"start":{"line":20,"column":2},"end":{"line":20,"column":8}},"loc":{"start":{"line":20,"column":43},"end":{"line":22,"column":3}}},"2":{"name":"(anonymous_6)","decl":{"start":{"line":25,"column":2},"end":{"line":25,"column":9}},"loc":{"start":{"line":25,"column":9},"end":{"line":27,"column":3}}},"3":{"name":"(anonymous_7)","decl":{"start":{"line":30,"column":2},"end":{"line":30,"column":9}},"loc":{"start":{"line":30,"column":47},"end":{"line":32,"column":3}}},"4":{"name":"(anonymous_8)","decl":{"start":{"line":35,"column":2},"end":{"line":35,"column":8}},"loc":{"start":{"line":37,"column":38},"end":{"line":40,"column":3}}},"5":{"name":"(anonymous_9)","decl":{"start":{"line":43,"column":2},"end":{"line":43,"column":8}},"loc":{"start":{"line":43,"column":46},"end":{"line":45,"column":3}}}},"branchMap":{},"s":{"0":1,"1":1,"2":1,"3":1,"4":1,"5":5,"6":1,"7":1,"8":1,"9":1,"10":1,"11":1,"12":1,"13":1,"14":1,"15":1,"16":1,"17":1},"f":{"0":5,"1":1,"2":1,"3":1,"4":1,"5":1},"b":{}}
,"D:\\pessoal\\fatec\\jacarei\\DSM\\Técnicas de programação II\\exemplo\\aula9-testes-unitarios-nestjs\\app\\src\\cars\\cars.schema.ts": {"path":"D:\\pessoal\\fatec\\jacarei\\DSM\\Técnicas de programação II\\exemplo\\aula9-testes-unitarios-nestjs\\app\\src\\cars\\cars.schema.ts","statementMap":{"0":{"start":{"line":1,"column":0},"end":{"line":1,"column":69}},"1":{"start":{"line":2,"column":0},"end":{"line":2,"column":46}},"2":{"start":{"line":4,"column":13},"end":{"line":10,"column":3}},"3":{"start":{"line":8,"column":22},"end":{"line":8,"column":34}}},"fnMap":{"0":{"name":"(anonymous_0)","decl":{"start":{"line":8,"column":16},"end":{"line":8,"column":19}},"loc":{"start":{"line":8,"column":22},"end":{"line":8,"column":34}}}},"branchMap":{},"s":{"0":4,"1":4,"2":4,"3":0},"f":{"0":0},"b":{}}
,"D:\\pessoal\\fatec\\jacarei\\DSM\\Técnicas de programação II\\exemplo\\aula9-testes-unitarios-nestjs\\app\\src\\cars\\cars.service.ts": {"path":"D:\\pessoal\\fatec\\jacarei\\DSM\\Técnicas de programação II\\exemplo\\aula9-testes-unitarios-nestjs\\app\\src\\cars\\cars.service.ts","statementMap":{"0":{"start":{"line":1,"column":0},"end":{"line":1,"column":63}},"1":{"start":{"line":2,"column":0},"end":{"line":2,"column":38}},"2":{"start":{"line":3,"column":0},"end":{"line":3,"column":63}},"3":{"start":{"line":4,"column":0},"end":{"line":4,"column":46}},"4":{"start":{"line":5,"column":0},"end":{"line":5,"column":37}},"5":{"start":{"line":10,"column":7},"end":{"line":104,"column":null}},"6":{"start":{"line":11,"column":31},"end":{"line":11,"column":48}},"7":{"start":{"line":14,"column":4},"end":{"line":14,"column":53}},"8":{"start":{"line":16,"column":18},"end":{"line":22,"column":39}},"9":{"start":{"line":24,"column":4},"end":{"line":24,"column":35}},"10":{"start":{"line":28,"column":4},"end":{"line":37,"column":32}},"11":{"start":{"line":41,"column":18},"end":{"line":51,"column":15}},"12":{"start":{"line":53,"column":4},"end":{"line":55,"column":5}},"13":{"start":{"line":54,"column":6},"end":{"line":54,"column":65}},"14":{"start":{"line":57,"column":4},"end":{"line":57,"column":15}},"15":{"start":{"line":61,"column":24},"end":{"line":61,"column":46}},"16":{"start":{"line":62,"column":23},"end":{"line":62,"column":64}},"17":{"start":{"line":63,"column":22},"end":{"line":63,"column":61}},"18":{"start":{"line":65,"column":4},"end":{"line":65,"column":44}},"19":{"start":{"line":67,"column":4},"end":{"line":73,"column":33}},"20":{"start":{"line":75,"column":4},"end":{"line":75,"column":28}},"21":{"start":{"line":79,"column":24},"end":{"line":82,"column":39}},"22":{"start":{"line":84,"column":4},"end":{"line":86,"column":5}},"23":{"start":{"line":85,"column":6},"end":{"line":85,"column":65}},"24":{"start":{"line":88,"column":4},"end":{"line":90,"column":6}},"25":{"start":{"line":94,"column":19},"end":{"line":98,"column":15}},"26":{"start":{"line":100,"column":4},"end":{"line":102,"column":5}},"27":{"start":{"line":101,"column":6},"end":{"line":101,"column":71}},"28":{"start":{"line":10,"column":13},"end":{"line":10,"column":24}},"29":{"start":{"line":10,"column":13},"end":{"line":104,"column":null}}},"fnMap":{"0":{"name":"(anonymous_2)","decl":{"start":{"line":11,"column":2},"end":{"line":11,"column":31}},"loc":{"start":{"line":11,"column":63},"end":{"line":11,"column":67}}},"1":{"name":"(anonymous_3)","decl":{"start":{"line":13,"column":2},"end":{"line":13,"column":7}},"loc":{"start":{"line":13,"column":41},"end":{"line":25,"column":3}}},"2":{"name":"(anonymous_4)","decl":{"start":{"line":27,"column":2},"end":{"line":27,"column":9}},"loc":{"start":{"line":27,"column":9},"end":{"line":38,"column":3}}},"3":{"name":"(anonymous_5)","decl":{"start":{"line":40,"column":2},"end":{"line":40,"column":7}},"loc":{"start":{"line":40,"column":26},"end":{"line":58,"column":3}}},"4":{"name":"(anonymous_6)","decl":{"start":{"line":60,"column":2},"end":{"line":60,"column":7}},"loc":{"start":{"line":60,"column":53},"end":{"line":76,"column":3}}},"5":{"name":"(anonymous_7)","decl":{"start":{"line":78,"column":2},"end":{"line":78,"column":7}},"loc":{"start":{"line":78,"column":25},"end":{"line":91,"column":3}}},"6":{"name":"(anonymous_8)","decl":{"start":{"line":93,"column":10},"end":{"line":93,"column":15}},"loc":{"start":{"line":93,"column":47},"end":{"line":103,"column":3}}}},"branchMap":{"0":{"loc":{"start":{"line":53,"column":4},"end":{"line":55,"column":5}},"type":"if","locations":[{"start":{"line":53,"column":4},"end":{"line":55,"column":5}},{"start":{},"end":{}}]},"1":{"loc":{"start":{"line":62,"column":23},"end":{"line":62,"column":64}},"type":"binary-expr","locations":[{"start":{"line":62,"column":23},"end":{"line":62,"column":42}},{"start":{"line":62,"column":46},"end":{"line":62,"column":64}}]},"2":{"loc":{"start":{"line":63,"column":22},"end":{"line":63,"column":61}},"type":"binary-expr","locations":[{"start":{"line":63,"column":22},"end":{"line":63,"column":40}},{"start":{"line":63,"column":44},"end":{"line":63,"column":61}}]},"3":{"loc":{"start":{"line":84,"column":4},"end":{"line":86,"column":5}},"type":"if","locations":[{"start":{"line":84,"column":4},"end":{"line":86,"column":5}},{"start":{},"end":{}}]},"4":{"loc":{"start":{"line":100,"column":4},"end":{"line":102,"column":5}},"type":"if","locations":[{"start":{"line":100,"column":4},"end":{"line":102,"column":5}},{"start":{},"end":{}}]}},"s":{"0":2,"1":2,"2":2,"3":2,"4":2,"5":2,"6":5,"7":2,"8":1,"9":1,"10":0,"11":4,"12":4,"13":1,"14":3,"15":1,"16":1,"17":1,"18":1,"19":1,"20":1,"21":1,"22":1,"23":1,"24":0,"25":3,"26":3,"27":1,"28":2,"29":2},"f":{"0":5,"1":2,"2":0,"3":4,"4":1,"5":1,"6":3},"b":{"0":[1,3],"1":[1,1],"2":[1,0],"3":[1,0],"4":[1,2]}}
,"D:\\pessoal\\fatec\\jacarei\\DSM\\Técnicas de programação II\\exemplo\\aula9-testes-unitarios-nestjs\\app\\src\\cars\\dto\\create-car.dto.ts": {"path":"D:\\pessoal\\fatec\\jacarei\\DSM\\Técnicas de programação II\\exemplo\\aula9-testes-unitarios-nestjs\\app\\src\\cars\\dto\\create-car.dto.ts","statementMap":{"0":{"start":{"line":1,"column":0},"end":{"line":1,"column":46}},"1":{"start":{"line":2,"column":0},"end":{"line":2,"column":54}},"2":{"start":{"line":4,"column":0},"end":{"line":4,"column":13}},"3":{"start":{"line":7,"column":2},"end":{"line":7,"column":null}},"4":{"start":{"line":15,"column":2},"end":{"line":15,"column":null}},"5":{"start":{"line":10,"column":4},"end":{"line":10,"column":66}}},"fnMap":{"0":{"name":"(anonymous_2)","decl":{"start":{"line":9,"column":13},"end":{"line":9,"column":14}},"loc":{"start":{"line":10,"column":4},"end":{"line":10,"column":66}}}},"branchMap":{"0":{"loc":{"start":{"line":10,"column":4},"end":{"line":10,"column":66}},"type":"cond-expr","locations":[{"start":{"line":10,"column":32},"end":{"line":10,"column":58}},{"start":{"line":10,"column":61},"end":{"line":10,"column":66}}]}},"s":{"0":2,"1":2,"2":2,"3":2,"4":2,"5":2},"f":{"0":2},"b":{"0":[2,0]}}
,"D:\\pessoal\\fatec\\jacarei\\DSM\\Técnicas de programação II\\exemplo\\aula9-testes-unitarios-nestjs\\app\\src\\cars\\dto\\update-car.dto.ts": {"path":"D:\\pessoal\\fatec\\jacarei\\DSM\\Técnicas de programação II\\exemplo\\aula9-testes-unitarios-nestjs\\app\\src\\cars\\dto\\update-car.dto.ts","statementMap":{"0":{"start":{"line":1,"column":0},"end":{"line":1,"column":46}},"1":{"start":{"line":2,"column":0},"end":{"line":2,"column":66}},"2":{"start":{"line":4,"column":0},"end":{"line":4,"column":13}},"3":{"start":{"line":8,"column":2},"end":{"line":8,"column":null}},"4":{"start":{"line":17,"column":2},"end":{"line":17,"column":null}},"5":{"start":{"line":12,"column":4},"end":{"line":12,"column":66}}},"fnMap":{"0":{"name":"(anonymous_2)","decl":{"start":{"line":11,"column":13},"end":{"line":11,"column":14}},"loc":{"start":{"line":12,"column":4},"end":{"line":12,"column":66}}}},"branchMap":{"0":{"loc":{"start":{"line":12,"column":4},"end":{"line":12,"column":66}},"type":"cond-expr","locations":[{"start":{"line":12,"column":32},"end":{"line":12,"column":58}},{"start":{"line":12,"column":61},"end":{"line":12,"column":66}}]}},"s":{"0":2,"1":2,"2":2,"3":2,"4":2,"5":1},"f":{"0":1},"b":{"0":[1,0]}}
,"D:\\pessoal\\fatec\\jacarei\\DSM\\Técnicas de programação II\\exemplo\\aula9-testes-unitarios-nestjs\\app\\src\\database\\database.service.ts": {"path":"D:\\pessoal\\fatec\\jacarei\\DSM\\Técnicas de programação II\\exemplo\\aula9-testes-unitarios-nestjs\\app\\src\\database\\database.service.ts","statementMap":{"0":{"start":{"line":1,"column":0},"end":{"line":1,"column":61}},"1":{"start":{"line":2,"column":0},"end":{"line":2,"column":68}},"2":{"start":{"line":3,"column":0},"end":{"line":3,"column":38}},"3":{"start":{"line":4,"column":0},"end":{"line":4,"column":35}},"4":{"start":{"line":7,"column":7},"end":{"line":30,"column":null}},"5":{"start":{"line":13,"column":4},"end":{"line":13,"column":57}},"6":{"start":{"line":14,"column":4},"end":{"line":14,"column":53}},"7":{"start":{"line":18,"column":4},"end":{"line":18,"column":26}},"8":{"start":{"line":22,"column":4},"end":{"line":28,"column":6}},"9":{"start":{"line":7,"column":13},"end":{"line":7,"column":28}},"10":{"start":{"line":7,"column":13},"end":{"line":30,"column":null}}},"fnMap":{"0":{"name":"(anonymous_11)","decl":{"start":{"line":12,"column":2},"end":{"line":12,"column":null}},"loc":{"start":{"line":12,"column":2},"end":{"line":15,"column":3}}},"1":{"name":"(anonymous_12)","decl":{"start":{"line":17,"column":2},"end":{"line":17,"column":7}},"loc":{"start":{"line":17,"column":23},"end":{"line":19,"column":3}}},"2":{"name":"(anonymous_13)","decl":{"start":{"line":21,"column":10},"end":{"line":21,"column":33}},"loc":{"start":{"line":21,"column":33},"end":{"line":29,"column":3}}}},"branchMap":{"0":{"loc":{"start":{"line":23,"column":12},"end":{"line":23,"column":46}},"type":"binary-expr","locations":[{"start":{"line":23,"column":12},"end":{"line":23,"column":31}},{"start":{"line":23,"column":35},"end":{"line":23,"column":46}}]},"1":{"loc":{"start":{"line":24,"column":19},"end":{"line":24,"column":46}},"type":"binary-expr","locations":[{"start":{"line":24,"column":19},"end":{"line":24,"column":38}},{"start":{"line":24,"column":42},"end":{"line":24,"column":46}}]},"2":{"loc":{"start":{"line":25,"column":12},"end":{"line":25,"column":45}},"type":"binary-expr","locations":[{"start":{"line":25,"column":12},"end":{"line":25,"column":31}},{"start":{"line":25,"column":35},"end":{"line":25,"column":45}}]},"3":{"loc":{"start":{"line":26,"column":16},"end":{"line":26,"column":53}},"type":"binary-expr","locations":[{"start":{"line":26,"column":16},"end":{"line":26,"column":39}},{"start":{"line":26,"column":43},"end":{"line":26,"column":53}}]},"4":{"loc":{"start":{"line":27,"column":16},"end":{"line":27,"column":49}},"type":"binary-expr","locations":[{"start":{"line":27,"column":16},"end":{"line":27,"column":35}},{"start":{"line":27,"column":39},"end":{"line":27,"column":49}}]}},"s":{"0":4,"1":4,"2":4,"3":4,"4":4,"5":0,"6":0,"7":0,"8":0,"9":4,"10":4},"f":{"0":0,"1":0,"2":0},"b":{"0":[0,0],"1":[0,0],"2":[0,0],"3":[0,0],"4":[0,0]}}
,"D:\\pessoal\\fatec\\jacarei\\DSM\\Técnicas de programação II\\exemplo\\aula9-testes-unitarios-nestjs\\app\\src\\database\\schema.ts": {"path":"D:\\pessoal\\fatec\\jacarei\\DSM\\Técnicas de programação II\\exemplo\\aula9-testes-unitarios-nestjs\\app\\src\\database\\schema.ts","statementMap":{"0":{"start":{"line":1,"column":0},"end":{"line":1,"column":38}},"1":{"start":{"line":2,"column":0},"end":{"line":2,"column":36}}},"fnMap":{},"branchMap":{},"s":{"0":4,"1":4},"f":{},"b":{}}
,"D:\\pessoal\\fatec\\jacarei\\DSM\\Técnicas de programação II\\exemplo\\aula9-testes-unitarios-nestjs\\app\\src\\users\\users.controller.ts": {"path":"D:\\pessoal\\fatec\\jacarei\\DSM\\Técnicas de programação II\\exemplo\\aula9-testes-unitarios-nestjs\\app\\src\\users\\users.controller.ts","statementMap":{"0":{"start":{"line":1,"column":0},"end":{"line":1,"column":null}},"1":{"start":{"line":11,"column":0},"end":{"line":11,"column":54}},"2":{"start":{"line":12,"column":0},"end":{"line":12,"column":54}},"3":{"start":{"line":13,"column":0},"end":{"line":13,"column":47}},"4":{"start":{"line":16,"column":7},"end":{"line":46,"column":null}},"5":{"start":{"line":17,"column":31},"end":{"line":17,"column":45}},"6":{"start":{"line":21,"column":4},"end":{"line":21,"column":51}},"7":{"start":{"line":26,"column":4},"end":{"line":26,"column":39}},"8":{"start":{"line":31,"column":4},"end":{"line":31,"column":41}},"9":{"start":{"line":39,"column":4},"end":{"line":39,"column":55}},"10":{"start":{"line":44,"column":4},"end":{"line":44,"column":40}},"11":{"start":{"line":16,"column":13},"end":{"line":16,"column":28}},"12":{"start":{"line":20,"column":2},"end":{"line":22,"column":null}},"13":{"start":{"line":25,"column":2},"end":{"line":27,"column":null}},"14":{"start":{"line":30,"column":2},"end":{"line":32,"column":null}},"15":{"start":{"line":35,"column":2},"end":{"line":40,"column":null}},"16":{"start":{"line":43,"column":2},"end":{"line":45,"column":null}},"17":{"start":{"line":16,"column":13},"end":{"line":46,"column":null}}},"fnMap":{"0":{"name":"(anonymous_4)","decl":{"start":{"line":17,"column":2},"end":{"line":17,"column":31}},"loc":{"start":{"line":17,"column":57},"end":{"line":17,"column":61}}},"1":{"name":"(anonymous_5)","decl":{"start":{"line":20,"column":2},"end":{"line":20,"column":8}},"loc":{"start":{"line":20,"column":45},"end":{"line":22,"column":3}}},"2":{"name":"(anonymous_6)","decl":{"start":{"line":25,"column":2},"end":{"line":25,"column":9}},"loc":{"start":{"line":25,"column":9},"end":{"line":27,"column":3}}},"3":{"name":"(anonymous_7)","decl":{"start":{"line":30,"column":2},"end":{"line":30,"column":9}},"loc":{"start":{"line":30,"column":47},"end":{"line":32,"column":3}}},"4":{"name":"(anonymous_8)","decl":{"start":{"line":35,"column":2},"end":{"line":35,"column":8}},"loc":{"start":{"line":37,"column":40},"end":{"line":40,"column":3}}},"5":{"name":"(anonymous_9)","decl":{"start":{"line":43,"column":2},"end":{"line":43,"column":8}},"loc":{"start":{"line":43,"column":46},"end":{"line":45,"column":3}}}},"branchMap":{},"s":{"0":1,"1":1,"2":1,"3":1,"4":1,"5":5,"6":1,"7":1,"8":1,"9":1,"10":1,"11":1,"12":1,"13":1,"14":1,"15":1,"16":1,"17":1},"f":{"0":5,"1":1,"2":1,"3":1,"4":1,"5":1},"b":{}}
,"D:\\pessoal\\fatec\\jacarei\\DSM\\Técnicas de programação II\\exemplo\\aula9-testes-unitarios-nestjs\\app\\src\\users\\users.schema.ts": {"path":"D:\\pessoal\\fatec\\jacarei\\DSM\\Técnicas de programação II\\exemplo\\aula9-testes-unitarios-nestjs\\app\\src\\users\\users.schema.ts","statementMap":{"0":{"start":{"line":1,"column":0},"end":{"line":1,"column":63}},"1":{"start":{"line":3,"column":13},"end":{"line":7,"column":3}}},"fnMap":{},"branchMap":{},"s":{"0":4,"1":4},"f":{},"b":{}}
,"D:\\pessoal\\fatec\\jacarei\\DSM\\Técnicas de programação II\\exemplo\\aula9-testes-unitarios-nestjs\\app\\src\\users\\users.service.ts": {"path":"D:\\pessoal\\fatec\\jacarei\\DSM\\Técnicas de programação II\\exemplo\\aula9-testes-unitarios-nestjs\\app\\src\\users\\users.service.ts","statementMap":{"0":{"start":{"line":1,"column":0},"end":{"line":1,"column":null}},"1":{"start":{"line":6,"column":0},"end":{"line":6,"column":47}},"2":{"start":{"line":7,"column":0},"end":{"line":7,"column":35}},"3":{"start":{"line":8,"column":0},"end":{"line":8,"column":63}},"4":{"start":{"line":11,"column":0},"end":{"line":11,"column":39}},"5":{"start":{"line":14,"column":7},"end":{"line":135,"column":null}},"6":{"start":{"line":15,"column":31},"end":{"line":15,"column":48}},"7":{"start":{"line":18,"column":4},"end":{"line":18,"column":56}},"8":{"start":{"line":20,"column":4},"end":{"line":32,"column":5}},"9":{"start":{"line":21,"column":21},"end":{"line":27,"column":20}},"10":{"start":{"line":29,"column":6},"end":{"line":29,"column":18}},"11":{"start":{"line":31,"column":6},"end":{"line":31,"column":38}},"12":{"start":{"line":36,"column":4},"end":{"line":39,"column":34}},"13":{"start":{"line":43,"column":19},"end":{"line":47,"column":15}},"14":{"start":{"line":49,"column":4},"end":{"line":51,"column":5}},"15":{"start":{"line":50,"column":6},"end":{"line":50,"column":67}},"16":{"start":{"line":53,"column":4},"end":{"line":53,"column":16}},"17":{"start":{"line":57,"column":25},"end":{"line":57,"column":47}},"18":{"start":{"line":58,"column":21},"end":{"line":58,"column":60}},"19":{"start":{"line":60,"column":6},"end":{"line":60,"column":90}},"20":{"start":{"line":62,"column":4},"end":{"line":62,"column":50}},"21":{"start":{"line":64,"column":4},"end":{"line":77,"column":5}},"22":{"start":{"line":65,"column":21},"end":{"line":72,"column":20}},"23":{"start":{"line":74,"column":6},"end":{"line":74,"column":18}},"24":{"start":{"line":76,"column":6},"end":{"line":76,"column":38}},"25":{"start":{"line":81,"column":4},"end":{"line":96,"column":5}},"26":{"start":{"line":82,"column":27},"end":{"line":85,"column":44}},"27":{"start":{"line":87,"column":6},"end":{"line":89,"column":7}},"28":{"start":{"line":88,"column":8},"end":{"line":88,"column":69}},"29":{"start":{"line":91,"column":6},"end":{"line":93,"column":8}},"30":{"start":{"line":95,"column":6},"end":{"line":95,"column":38}},"31":{"start":{"line":100,"column":4},"end":{"line":102,"column":5}},"32":{"start":{"line":101,"column":6},"end":{"line":101,"column":73}},"33":{"start":{"line":104,"column":4},"end":{"line":108,"column":5}},"34":{"start":{"line":105,"column":6},"end":{"line":107,"column":8}},"35":{"start":{"line":110,"column":4},"end":{"line":110,"column":16}},"36":{"start":{"line":118,"column":6},"end":{"line":120,"column":64}},"37":{"start":{"line":122,"column":29},"end":{"line":129,"column":15}},"38":{"start":{"line":131,"column":4},"end":{"line":133,"column":5}},"39":{"start":{"line":132,"column":6},"end":{"line":132,"column":73}},"40":{"start":{"line":14,"column":13},"end":{"line":14,"column":25}},"41":{"start":{"line":14,"column":13},"end":{"line":135,"column":null}}},"fnMap":{"0":{"name":"(anonymous_2)","decl":{"start":{"line":15,"column":2},"end":{"line":15,"column":31}},"loc":{"start":{"line":15,"column":63},"end":{"line":15,"column":67}}},"1":{"name":"(anonymous_3)","decl":{"start":{"line":17,"column":2},"end":{"line":17,"column":7}},"loc":{"start":{"line":17,"column":43},"end":{"line":33,"column":3}}},"2":{"name":"(anonymous_4)","decl":{"start":{"line":35,"column":2},"end":{"line":35,"column":9}},"loc":{"start":{"line":35,"column":9},"end":{"line":40,"column":3}}},"3":{"name":"(anonymous_5)","decl":{"start":{"line":42,"column":2},"end":{"line":42,"column":7}},"loc":{"start":{"line":42,"column":26},"end":{"line":54,"column":3}}},"4":{"name":"(anonymous_6)","decl":{"start":{"line":56,"column":2},"end":{"line":56,"column":7}},"loc":{"start":{"line":56,"column":55},"end":{"line":78,"column":3}}},"5":{"name":"(anonymous_7)","decl":{"start":{"line":80,"column":2},"end":{"line":80,"column":7}},"loc":{"start":{"line":80,"column":25},"end":{"line":97,"column":3}}},"6":{"name":"(anonymous_8)","decl":{"start":{"line":99,"column":10},"end":{"line":99,"column":29}},"loc":{"start":{"line":99,"column":44},"end":{"line":111,"column":3}}},"7":{"name":"(anonymous_9)","decl":{"start":{"line":113,"column":10},"end":{"line":113,"column":15}},"loc":{"start":{"line":115,"column":22},"end":{"line":134,"column":3}}}},"branchMap":{"0":{"loc":{"start":{"line":25,"column":17},"end":{"line":25,"column":44}},"type":"binary-expr","locations":[{"start":{"line":25,"column":17},"end":{"line":25,"column":36}},{"start":{"line":25,"column":40},"end":{"line":25,"column":44}}]},"1":{"loc":{"start":{"line":49,"column":4},"end":{"line":51,"column":5}},"type":"if","locations":[{"start":{"line":49,"column":4},"end":{"line":51,"column":5}},{"start":{},"end":{}}]},"2":{"loc":{"start":{"line":58,"column":21},"end":{"line":58,"column":60}},"type":"binary-expr","locations":[{"start":{"line":58,"column":21},"end":{"line":58,"column":39}},{"start":{"line":58,"column":43},"end":{"line":58,"column":60}}]},"3":{"loc":{"start":{"line":60,"column":6},"end":{"line":60,"column":90}},"type":"cond-expr","locations":[{"start":{"line":60,"column":42},"end":{"line":60,"column":69}},{"start":{"line":60,"column":72},"end":{"line":60,"column":90}}]},"4":{"loc":{"start":{"line":60,"column":42},"end":{"line":60,"column":69}},"type":"binary-expr","locations":[{"start":{"line":60,"column":42},"end":{"line":60,"column":61}},{"start":{"line":60,"column":65},"end":{"line":60,"column":69}}]},"5":{"loc":{"start":{"line":87,"column":6},"end":{"line":89,"column":7}},"type":"if","locations":[{"start":{"line":87,"column":6},"end":{"line":89,"column":7}},{"start":{},"end":{}}]},"6":{"loc":{"start":{"line":100,"column":4},"end":{"line":102,"column":5}},"type":"if","locations":[{"start":{"line":100,"column":4},"end":{"line":102,"column":5}},{"start":{},"end":{}}]},"7":{"loc":{"start":{"line":100,"column":8},"end":{"line":100,"column":64}},"type":"binary-expr","locations":[{"start":{"line":100,"column":8},"end":{"line":100,"column":38}},{"start":{"line":100,"column":42},"end":{"line":100,"column":64}}]},"8":{"loc":{"start":{"line":104,"column":4},"end":{"line":108,"column":5}},"type":"if","locations":[{"start":{"line":104,"column":4},"end":{"line":108,"column":5}},{"start":{},"end":{}}]},"9":{"loc":{"start":{"line":104,"column":8},"end":{"line":104,"column":64}},"type":"binary-expr","locations":[{"start":{"line":104,"column":8},"end":{"line":104,"column":38}},{"start":{"line":104,"column":42},"end":{"line":104,"column":64}}]},"10":{"loc":{"start":{"line":118,"column":6},"end":{"line":120,"column":64}},"type":"cond-expr","locations":[{"start":{"line":119,"column":10},"end":{"line":119,"column":30}},{"start":{"line":120,"column":10},"end":{"line":120,"column":64}}]},"11":{"loc":{"start":{"line":131,"column":4},"end":{"line":133,"column":5}},"type":"if","locations":[{"start":{"line":131,"column":4},"end":{"line":133,"column":5}},{"start":{},"end":{}}]}},"s":{"0":2,"1":2,"2":2,"3":2,"4":2,"5":2,"6":5,"7":2,"8":2,"9":2,"10":1,"11":1,"12":0,"13":2,"14":2,"15":1,"16":1,"17":1,"18":1,"19":1,"20":1,"21":1,"22":1,"23":1,"24":0,"25":1,"26":1,"27":0,"28":0,"29":0,"30":1,"31":2,"32":1,"33":1,"34":1,"35":0,"36":3,"37":3,"38":3,"39":0,"40":2,"41":2},"f":{"0":5,"1":2,"2":0,"3":2,"4":1,"5":1,"6":2,"7":3},"b":{"0":[2,0],"1":[1,1],"2":[1,1],"3":[1,0],"4":[1,1],"5":[0,0],"6":[1,1],"7":[2,2],"8":[1,0],"9":[1,1],"10":[2,1],"11":[0,3]}}
,"D:\\pessoal\\fatec\\jacarei\\DSM\\Técnicas de programação II\\exemplo\\aula9-testes-unitarios-nestjs\\app\\src\\users\\dto\\create-user.dto.ts": {"path":"D:\\pessoal\\fatec\\jacarei\\DSM\\Técnicas de programação II\\exemplo\\aula9-testes-unitarios-nestjs\\app\\src\\users\\dto\\create-user.dto.ts","statementMap":{"0":{"start":{"line":1,"column":0},"end":{"line":1,"column":null}},"1":{"start":{"line":11,"column":0},"end":{"line":11,"column":13}},"2":{"start":{"line":16,"column":2},"end":{"line":16,"column":null}},"3":{"start":{"line":22,"column":2},"end":{"line":22,"column":null}},"4":{"start":{"line":19,"column":28},"end":{"line":19,"column":58}}},"fnMap":{"0":{"name":"(anonymous_2)","decl":{"start":{"line":19,"column":14},"end":{"line":19,"column":15}},"loc":{"start":{"line":19,"column":28},"end":{"line":19,"column":58}}}},"branchMap":{"0":{"loc":{"start":{"line":19,"column":28},"end":{"line":19,"column":58}},"type":"binary-expr","locations":[{"start":{"line":19,"column":28},"end":{"line":19,"column":42}},{"start":{"line":19,"column":46},"end":{"line":19,"column":58}}]}},"s":{"0":2,"1":2,"2":2,"3":2,"4":2},"f":{"0":2},"b":{"0":[2,2]}}
,"D:\\pessoal\\fatec\\jacarei\\DSM\\Técnicas de programação II\\exemplo\\aula9-testes-unitarios-nestjs\\app\\src\\users\\dto\\update-user.dto.ts": {"path":"D:\\pessoal\\fatec\\jacarei\\DSM\\Técnicas de programação II\\exemplo\\aula9-testes-unitarios-nestjs\\app\\src\\users\\dto\\update-user.dto.ts","statementMap":{"0":{"start":{"line":1,"column":0},"end":{"line":1,"column":null}},"1":{"start":{"line":10,"column":0},"end":{"line":10,"column":13}},"2":{"start":{"line":15,"column":2},"end":{"line":15,"column":null}},"3":{"start":{"line":21,"column":2},"end":{"line":21,"column":null}},"4":{"start":{"line":18,"column":28},"end":{"line":18,"column":58}}},"fnMap":{"0":{"name":"(anonymous_2)","decl":{"start":{"line":18,"column":14},"end":{"line":18,"column":15}},"loc":{"start":{"line":18,"column":28},"end":{"line":18,"column":58}}}},"branchMap":{"0":{"loc":{"start":{"line":18,"column":28},"end":{"line":18,"column":58}},"type":"binary-expr","locations":[{"start":{"line":18,"column":28},"end":{"line":18,"column":42}},{"start":{"line":18,"column":46},"end":{"line":18,"column":58}}]}},"s":{"0":2,"1":2,"2":2,"3":2,"4":1},"f":{"0":1},"b":{"0":[1,0]}}
}
