TN:
SF:src\cars\cars.controller.ts
FN:17,(anonymous_4)
FN:20,(anonymous_5)
FN:25,(anonymous_6)
FN:30,(anonymous_7)
FN:35,(anonymous_8)
FN:43,(anonymous_9)
FNF:6
FNH:6
FNDA:5,(anonymous_4)
FNDA:1,(anonymous_5)
FNDA:1,(anonymous_6)
FNDA:1,(anonymous_7)
FNDA:1,(anonymous_8)
FNDA:1,(anonymous_9)
DA:1,1
DA:11,1
DA:12,1
DA:13,1
DA:16,1
DA:17,5
DA:20,1
DA:21,1
DA:25,1
DA:26,1
DA:30,1
DA:31,1
DA:35,1
DA:39,1
DA:43,1
DA:44,1
LF:16
LH:16
BRF:0
BRH:0
end_of_record
TN:
SF:src\cars\cars.schema.ts
FN:8,(anonymous_0)
FNF:1
FNH:0
FNDA:0,(anonymous_0)
DA:1,4
DA:2,4
DA:4,4
DA:8,0
LF:4
LH:3
BRF:0
BRH:0
end_of_record
TN:
SF:src\cars\cars.service.ts
FN:11,(anonymous_2)
FN:13,(anonymous_3)
FN:27,(anonymous_4)
FN:40,(anonymous_5)
FN:60,(anonymous_6)
FN:78,(anonymous_7)
FN:93,(anonymous_8)
FNF:7
FNH:6
FNDA:5,(anonymous_2)
FNDA:2,(anonymous_3)
FNDA:0,(anonymous_4)
FNDA:4,(anonymous_5)
FNDA:1,(anonymous_6)
FNDA:1,(anonymous_7)
FNDA:3,(anonymous_8)
DA:1,2
DA:2,2
DA:3,2
DA:4,2
DA:5,2
DA:10,2
DA:11,5
DA:14,2
DA:16,1
DA:24,1
DA:28,0
DA:41,4
DA:53,4
DA:54,1
DA:57,3
DA:61,1
DA:62,1
DA:63,1
DA:65,1
DA:67,1
DA:75,1
DA:79,1
DA:84,1
DA:85,1
DA:88,0
DA:94,3
DA:100,3
DA:101,1
LF:28
LH:26
BRDA:53,0,0,1
BRDA:53,0,1,3
BRDA:62,1,0,1
BRDA:62,1,1,1
BRDA:63,2,0,1
BRDA:63,2,1,0
BRDA:84,3,0,1
BRDA:84,3,1,0
BRDA:100,4,0,1
BRDA:100,4,1,2
BRF:10
BRH:8
end_of_record
TN:
SF:src\cars\dto\create-car.dto.ts
FN:9,(anonymous_2)
FNF:1
FNH:1
FNDA:2,(anonymous_2)
DA:1,2
DA:2,2
DA:4,2
DA:7,2
DA:10,2
DA:15,2
LF:6
LH:6
BRDA:10,0,0,2
BRDA:10,0,1,0
BRF:2
BRH:1
end_of_record
TN:
SF:src\cars\dto\update-car.dto.ts
FN:11,(anonymous_2)
FNF:1
FNH:1
FNDA:1,(anonymous_2)
DA:1,2
DA:2,2
DA:4,2
DA:8,2
DA:12,1
DA:17,2
LF:6
LH:6
BRDA:12,0,0,1
BRDA:12,0,1,0
BRF:2
BRH:1
end_of_record
TN:
SF:src\database\database.service.ts
FN:12,(anonymous_11)
FN:17,(anonymous_12)
FN:21,(anonymous_13)
FNF:3
FNH:0
FNDA:0,(anonymous_11)
FNDA:0,(anonymous_12)
FNDA:0,(anonymous_13)
DA:1,4
DA:2,4
DA:3,4
DA:4,4
DA:7,4
DA:13,0
DA:14,0
DA:18,0
DA:22,0
LF:9
LH:5
BRDA:23,0,0,0
BRDA:23,0,1,0
BRDA:24,1,0,0
BRDA:24,1,1,0
BRDA:25,2,0,0
BRDA:25,2,1,0
BRDA:26,3,0,0
BRDA:26,3,1,0
BRDA:27,4,0,0
BRDA:27,4,1,0
BRF:10
BRH:0
end_of_record
TN:
SF:src\database\schema.ts
FNF:0
FNH:0
DA:1,4
DA:2,4
LF:2
LH:2
BRF:0
BRH:0
end_of_record
TN:
SF:src\users\users.controller.ts
FN:17,(anonymous_4)
FN:20,(anonymous_5)
FN:25,(anonymous_6)
FN:30,(anonymous_7)
FN:35,(anonymous_8)
FN:43,(anonymous_9)
FNF:6
FNH:6
FNDA:5,(anonymous_4)
FNDA:1,(anonymous_5)
FNDA:1,(anonymous_6)
FNDA:1,(anonymous_7)
FNDA:1,(anonymous_8)
FNDA:1,(anonymous_9)
DA:1,1
DA:11,1
DA:12,1
DA:13,1
DA:16,1
DA:17,5
DA:20,1
DA:21,1
DA:25,1
DA:26,1
DA:30,1
DA:31,1
DA:35,1
DA:39,1
DA:43,1
DA:44,1
LF:16
LH:16
BRF:0
BRH:0
end_of_record
TN:
SF:src\users\users.schema.ts
FNF:0
FNH:0
DA:1,4
DA:3,4
LF:2
LH:2
BRF:0
BRH:0
end_of_record
TN:
SF:src\users\users.service.ts
FN:15,(anonymous_2)
FN:17,(anonymous_3)
FN:35,(anonymous_4)
FN:42,(anonymous_5)
FN:56,(anonymous_6)
FN:80,(anonymous_7)
FN:99,(anonymous_8)
FN:113,(anonymous_9)
FNF:8
FNH:7
FNDA:5,(anonymous_2)
FNDA:2,(anonymous_3)
FNDA:0,(anonymous_4)
FNDA:2,(anonymous_5)
FNDA:1,(anonymous_6)
FNDA:1,(anonymous_7)
FNDA:2,(anonymous_8)
FNDA:3,(anonymous_9)
DA:1,2
DA:6,2
DA:7,2
DA:8,2
DA:11,2
DA:14,2
DA:15,5
DA:18,2
DA:20,2
DA:21,2
DA:29,1
DA:31,1
DA:36,0
DA:43,2
DA:49,2
DA:50,1
DA:53,1
DA:57,1
DA:58,1
DA:60,1
DA:62,1
DA:64,1
DA:65,1
DA:74,1
DA:76,0
DA:81,1
DA:82,1
DA:87,0
DA:88,0
DA:91,0
DA:95,1
DA:100,2
DA:101,1
DA:104,1
DA:105,1
DA:110,0
DA:118,3
DA:122,3
DA:131,3
DA:132,0
LF:40
LH:33
BRDA:25,0,0,2
BRDA:25,0,1,0
BRDA:49,1,0,1
BRDA:49,1,1,1
BRDA:58,2,0,1
BRDA:58,2,1,1
BRDA:60,3,0,1
BRDA:60,3,1,0
BRDA:60,4,0,1
BRDA:60,4,1,1
BRDA:87,5,0,0
BRDA:87,5,1,0
BRDA:100,6,0,1
BRDA:100,6,1,1
BRDA:100,7,0,2
BRDA:100,7,1,2
BRDA:104,8,0,1
BRDA:104,8,1,0
BRDA:104,9,0,1
BRDA:104,9,1,1
BRDA:118,10,0,2
BRDA:118,10,1,1
BRDA:131,11,0,0
BRDA:131,11,1,3
BRF:24
BRH:18
end_of_record
TN:
SF:src\users\dto\create-user.dto.ts
FN:19,(anonymous_2)
FNF:1
FNH:1
FNDA:2,(anonymous_2)
DA:1,2
DA:11,2
DA:16,2
DA:19,2
DA:22,2
LF:5
LH:5
BRDA:19,0,0,2
BRDA:19,0,1,2
BRF:2
BRH:2
end_of_record
TN:
SF:src\users\dto\update-user.dto.ts
FN:18,(anonymous_2)
FNF:1
FNH:1
FNDA:1,(anonymous_2)
DA:1,2
DA:10,2
DA:15,2
DA:18,1
DA:21,2
LF:5
LH:5
BRDA:18,0,0,1
BRDA:18,0,1,0
BRF:2
BRH:1
end_of_record
